<?xml version="1.0" encoding="utf-8"?>
<?AutomationStudio Version=3.0?>
<Transfer xmlns="http://br-automation.co.at/AS/Transfer">
  <OperatingSystem Version="G4.34"/>
  <Hardware Target="SG4"/>
  <Operation Delete="MemTask.br"/>
  <Operation Delete="LoggerTask.br"/>
  <Operation Delete="ChartTask.br"/>
  <Operation Delete="Controller.br"/>
  <Operation Delete="AxisCtrl.br"/>
  <Operation Delete="ArEventLog.br"/>
  <Operation Delete="ArProject.br"/>
  <Operation Delete="MpAxis.br"/>
  <Operation Delete="asieccon.br"/>
  <Operation Delete="dataobj.br"/>
  <Operation Delete="MpCom.br"/>
  <Operation Delete="MpBase.br"/>
  <Operation Delete="Acp10sim.br"/>
  <Operation Delete="Acp10_MC.br"/>
  <Operation Delete="Acp10man.br"/>
  <Operation Delete="FileIO.br"/>
  <Operation Delete="astime.br"/>
  <Operation Delete="sys_lib.br"/>
  <Operation Delete="brsystem.br"/>
  <Operation Download="ashwd.br" Memory="SystemROM"/>
  <Operation Download="asfw.br" Memory="SystemROM"/>
  <Operation Download="arconfig.br" Memory="SystemROM"/>
  <Operation Download="sysconf.br" Memory="SystemROM"/>
  <Operation Restart="warm"/>
  <Operation Download="acp10cfg.br" Memory="UserROM"/>
  <Operation Download="Acp10map.br" Memory="UserROM"/>
  <Operation Download="NcGlobal.br" Memory="UserROM"/>
  <Operation Download="powerlnk.br" Memory="UserROM"/>
  <Operation Download="Acp10par.br" Memory="UserROM"/>
  <Operation Download="runtime.br" Memory="UserROM"/>
  <Operation Download="brsystem.br" Memory="UserROM"/>
  <Operation Download="sys_lib.br" Memory="UserROM"/>
  <Operation Download="astime.br" Memory="UserROM"/>
  <Operation Download="FileIO.br" Memory="UserROM"/>
  <Operation Download="Acp10man.br" Memory="UserROM"/>
  <Operation Download="Acp10_MC.br" Memory="UserROM"/>
  <Operation Download="Acp10sim.br" Memory="UserROM"/>
  <Operation Download="Acp10sys.br" Memory="UserROM"/>
  <Operation Download="acp10etxen.br" Memory="UserROM"/>
  <Operation Download="gAxis01a.br" Memory="UserROM"/>
  <Operation Download="gAxis01i.br" Memory="UserROM"/>
  <Operation Restart="warm"/>
  <Operation Download="asbrstr.br" Memory="UserROM"/>
  <Operation Download="arsvcreg.br" Memory="UserROM"/>
  <Operation Download="MpBase.br" Memory="UserROM"/>
  <Operation Download="MpCom.br" Memory="UserROM"/>
  <Operation Download="dataobj.br" Memory="UserROM"/>
  <Operation Download="asieccon.br" Memory="UserROM"/>
  <Operation Download="MpAxis.br" Memory="UserROM"/>
  <Operation Download="ArProject.br" Memory="UserROM"/>
  <Operation Download="ArEventLog.br" Memory="UserROM"/>
  <Operation Download="TCData.br" Memory="SystemROM"/>
  <Operation Download="udbdef.br" Memory="UserROM"/>
  <Operation Download="User.br" Memory="UserROM"/>
  <Operation Download="ashwac.br" Memory="UserROM"/>
  <Operation Download="Role.br" Memory="UserROM"/>
  <Operation Download="Config.br" Memory="UserROM"/>
  <Operation Download="OpcUaMap.br" Memory="UserROM"/>
  <Operation Download="iomap.br" Memory="UserROM"/>
  <Operation Download="asstring.br" Memory="UserROM"/>
  <Operation Download="AxisCtrl.br" Memory="UserROM"/>
  <Operation Download="Controller.br" Memory="UserROM"/>
  <Operation Download="ChartTask.br" Memory="UserROM"/>
  <Operation Download="LoggerTask.br" Memory="UserROM"/>
  <Operation Download="MemTask.br" Memory="UserROM"/>
</Transfer>