C:\projects\Inzynierka_Kucharczyk_2018\Temp\Includes\AS_TempDecl\Config1\GlobalComponents\MpComponents.var
C:\projects\Inzynierka_Kucharczyk_2018\Logical\Global.typ
C:\projects\Inzynierka_Kucharczyk_2018\Logical\Global.var
C:\projects\Inzynierka_Kucharczyk_2018\Logical\Libraries\operator\operator.fun
C:\projects\Inzynierka_Kucharczyk_2018\Logical\Libraries\operator\operator.typ
C:\projects\Inzynierka_Kucharczyk_2018\Logical\Libraries\operator\operator.var
C:\projects\Inzynierka_Kucharczyk_2018\Logical\Libraries\runtime\runtime.fun
C:\projects\Inzynierka_Kucharczyk_2018\Logical\Libraries\runtime\runtime.typ
C:\projects\Inzynierka_Kucharczyk_2018\Logical\Libraries\runtime\runtime.var
C:\projects\Inzynierka_Kucharczyk_2018\Logical\Libraries\astime\astime.fun
C:\projects\Inzynierka_Kucharczyk_2018\Logical\Libraries\astime\astime.typ
C:\projects\Inzynierka_Kucharczyk_2018\Logical\Libraries\astime\astime.var
C:\projects\Inzynierka_Kucharczyk_2018\Logical\Libraries\AsIecCon\AsIecCon.fun
C:\projects\Inzynierka_Kucharczyk_2018\Logical\Libraries\AsIecCon\AsIecCon.typ
C:\projects\Inzynierka_Kucharczyk_2018\Logical\Libraries\AsIecCon\AsIecCon.var
C:\projects\Inzynierka_Kucharczyk_2018\Logical\Libraries\MpAxis\MpAxis.typ
C:\projects\Inzynierka_Kucharczyk_2018\Logical\Libraries\MpAxis\MpAxisError.typ
C:\projects\Inzynierka_Kucharczyk_2018\Logical\Libraries\MpAxis\MpAxisAlarm.typ
C:\projects\Inzynierka_Kucharczyk_2018\Logical\Libraries\MpAxis\MpAxis.fun
C:\projects\Inzynierka_Kucharczyk_2018\Logical\Libraries\MpCom\MpCom.var
C:\projects\Inzynierka_Kucharczyk_2018\Logical\Libraries\MpCom\MpCom.typ
C:\projects\Inzynierka_Kucharczyk_2018\Logical\Libraries\MpCom\MpComError.typ
C:\projects\Inzynierka_Kucharczyk_2018\Logical\Libraries\MpCom\MpCom.fun
C:\projects\Inzynierka_Kucharczyk_2018\Logical\Libraries\MpBase\MpBase.typ
C:\projects\Inzynierka_Kucharczyk_2018\Logical\Libraries\MpBase\MpBase.var
C:\projects\Inzynierka_Kucharczyk_2018\Logical\Libraries\MpBase\MpBase.fun
C:\projects\Inzynierka_Kucharczyk_2018\Logical\Libraries\NcGlobal\NcGlobal.fun
C:\projects\Inzynierka_Kucharczyk_2018\Logical\Libraries\NcGlobal\NcGlobal.typ
C:\projects\Inzynierka_Kucharczyk_2018\Logical\Libraries\NcGlobal\NcGlobal.var
C:\projects\Inzynierka_Kucharczyk_2018\Logical\Libraries\Acp10_MC\acp10_mc.fun
C:\projects\Inzynierka_Kucharczyk_2018\Logical\Libraries\Acp10_MC\acp10_mc.typ
C:\projects\Inzynierka_Kucharczyk_2018\Logical\Libraries\Acp10_MC\acp10_mc.var
C:\projects\Inzynierka_Kucharczyk_2018\Logical\Libraries\brsystem\brsystem.fun
C:\projects\Inzynierka_Kucharczyk_2018\Logical\Libraries\brsystem\brsystem.typ
C:\projects\Inzynierka_Kucharczyk_2018\Logical\Libraries\brsystem\brsystem.var
C:\projects\Inzynierka_Kucharczyk_2018\Logical\Libraries\Acp10man\Acp10man.typ
C:\projects\Inzynierka_Kucharczyk_2018\Logical\Libraries\sys_lib\sys_lib.fun
C:\projects\Inzynierka_Kucharczyk_2018\Logical\Libraries\sys_lib\sys_lib.typ
C:\projects\Inzynierka_Kucharczyk_2018\Logical\Libraries\sys_lib\sys_lib.var
C:\projects\Inzynierka_Kucharczyk_2018\Logical\Libraries\Acp10par\Acp10par.var
C:\projects\Inzynierka_Kucharczyk_2018\Logical\Libraries\Acp10sim\acp10sim.var
C:\projects\Inzynierka_Kucharczyk_2018\Logical\Libraries\Acp10sim\acp10sim.typ
C:\projects\Inzynierka_Kucharczyk_2018\Logical\Libraries\ArEventLog\ArEventLog.fun
C:\projects\Inzynierka_Kucharczyk_2018\Logical\Libraries\ArEventLog\ArEventLog.typ
C:\projects\Inzynierka_Kucharczyk_2018\Logical\Libraries\ArEventLog\ArEventLog.var
C:\projects\Inzynierka_Kucharczyk_2018\Logical\Source\Code\AxisControl\Types.typ
C:\projects\Inzynierka_Kucharczyk_2018\Logical\Source\Code\AxisControl\Variables.var
